<?xml version="1.0" encoding="UTF-8"?>
<testng-results skipped="0" failed="0" ignored="0" total="1" passed="1">
  <reporter-output>
  </reporter-output>
  <suite name="Default suite" duration-ms="10674" started-at="2018-12-20T13:39:48Z" finished-at="2018-12-20T13:39:59Z">
    <groups>
    </groups>
    <test name="Default test" duration-ms="10674" started-at="2018-12-20T13:39:48Z" finished-at="2018-12-20T13:39:59Z">
      <class name="com.app.tests.SignUp">
        <test-method status="PASS" signature="beforeSuite()[pri:0, instance:com.app.tests.SignUp@3abbfa04]" name="beforeSuite" is-config="true" duration-ms="14452" started-at="2018-12-20T19:09:34Z" finished-at="2018-12-20T19:09:48Z">
          <reporter-output>
          </reporter-output>
        </test-method> <!-- beforeSuite -->
        <test-method status="PASS" signature="testSignUp()[pri:0, instance:com.app.tests.SignUp@3abbfa04]" name="testSignUp" duration-ms="10644" started-at="2018-12-20T19:09:48Z" finished-at="2018-12-20T19:09:59Z">
          <reporter-output>
          </reporter-output>
        </test-method> <!-- testSignUp -->
      </class> <!-- com.app.tests.SignUp -->
    </test> <!-- Default test -->
  </suite> <!-- Default suite -->
</testng-results>
